# JRE version: Java(TM) SE Runtime Environment (8.0_171-b11) (build 1.8.0_171-b11)
# Java VM: Java HotSpot(TM) 64-Bit Server VM (25.171-b11 mixed mode linux-amd64 compressed oops)
Heap:
 PSYoungGen      total 263680K, used 213410K [0x00000000d6d80000, 0x00000000e8880000, 0x0000000100000000)
  eden space 248320K, 79% used [0x00000000d6d80000,0x00000000e2ee8968,0x00000000e6000000)
  from space 15360K, 100% used [0x00000000e7280000,0x00000000e8180000,0x00000000e8180000)
  to   space 18944K, 0% used [0x00000000e6000000,0x00000000e6000000,0x00000000e7280000)
 ParOldGen       total 84992K, used 19393K [0x0000000084800000, 0x0000000089b00000, 0x00000000d6d80000)
  object space 84992K, 22% used [0x0000000084800000,0x0000000085af0730,0x0000000089b00000)
 Metaspace       used 8117K, capacity 8240K, committed 8320K, reserved 1056768K
  class space    used 818K, capacity 848K, committed 896K, reserved 1048576K
GC Heap History (10 events):
Event: 2.146 GC heap before
{Heap before GC invocations=4 (full 0):
 PSYoungGen      total 36864K, used 36846K [0x00000000d6d80000, 0x00000000db580000, 0x0000000100000000)
  eden space 31744K, 100% used [0x00000000d6d80000,0x00000000d8c80000,0x00000000d8c80000)
  from space 5120K, 99% used [0x00000000d8c80000,0x00000000d917bb90,0x00000000d9180000)
  to   space 5120K, 0% used [0x00000000db080000,0x00000000db080000,0x00000000db580000)
 ParOldGen       total 84992K, used 2991K [0x0000000084800000, 0x0000000089b00000, 0x00000000d6d80000)
  object space 84992K, 3% used [0x0000000084800000,0x0000000084aebda0,0x0000000089b00000)
 Metaspace       used 8105K, capacity 8240K, committed 8320K, reserved 1056768K
  class space    used 817K, capacity 848K, committed 896K, reserved 1048576K
Event: 2.171 GC heap after
Heap after GC invocations=4 (full 0):
 PSYoungGen      total 68608K, used 5111K [0x00000000d6d80000, 0x00000000db580000, 0x0000000100000000)
  eden space 63488K, 0% used [0x00000000d6d80000,0x00000000d6d80000,0x00000000dab80000)
  from space 5120K, 99% used [0x00000000db080000,0x00000000db57ddc0,0x00000000db580000)
  to   space 5120K, 0% used [0x00000000dab80000,0x00000000dab80000,0x00000000db080000)
 ParOldGen       total 84992K, used 5046K [0x0000000084800000, 0x0000000089b00000, 0x00000000d6d80000)
  object space 84992K, 5% used [0x0000000084800000,0x0000000084cedba0,0x0000000089b00000)
 Metaspace       used 8105K, capacity 8240K, committed 8320K, reserved 1056768K
  class space    used 817K, capacity 848K, committed 896K, reserved 1048576K
}
Event: 2.519 GC heap before
{Heap before GC invocations=5 (full 0):
 PSYoungGen      total 68608K, used 68599K [0x00000000d6d80000, 0x00000000db580000, 0x0000000100000000)
  eden space 63488K, 100% used [0x00000000d6d80000,0x00000000dab80000,0x00000000dab80000)
  from space 5120K, 99% used [0x00000000db080000,0x00000000db57ddc0,0x00000000db580000)
  to   space 5120K, 0% used [0x00000000dab80000,0x00000000dab80000,0x00000000db080000)
 ParOldGen       total 84992K, used 5046K [0x0000000084800000, 0x0000000089b00000, 0x00000000d6d80000)
  object space 84992K, 5% used [0x0000000084800000,0x0000000084cedba0,0x0000000089b00000)
 Metaspace       used 8106K, capacity 8240K, committed 8320K, reserved 1056768K
  class space    used 817K, capacity 848K, committed 896K, reserved 1048576K
Event: 2.537 GC heap after
Heap after GC invocations=5 (full 0):
 PSYoungGen      total 68608K, used 5111K [0x00000000d6d80000, 0x00000000dfc80000, 0x0000000100000000)
  eden space 63488K, 0% used [0x00000000d6d80000,0x00000000d6d80000,0x00000000dab80000)
  from space 5120K, 99% used [0x00000000dab80000,0x00000000db07ddc0,0x00000000db080000)
  to   space 9728K, 0% used [0x00000000df300000,0x00000000df300000,0x00000000dfc80000)
 ParOldGen       total 84992K, used 9187K [0x0000000084800000, 0x0000000089b00000, 0x00000000d6d80000)
  object space 84992K, 10% used [0x0000000084800000,0x00000000850f8cd8,0x0000000089b00000)
 Metaspace       used 8106K, capacity 8240K, committed 8320K, reserved 1056768K
  class space    used 817K, capacity 848K, committed 896K, reserved 1048576K
}
Event: 2.822 GC heap before
{Heap before GC invocations=6 (full 0):
 PSYoungGen      total 68608K, used 68599K [0x00000000d6d80000, 0x00000000dfc80000, 0x0000000100000000)
  eden space 63488K, 100% used [0x00000000d6d80000,0x00000000dab80000,0x00000000dab80000)
  from space 5120K, 99% used [0x00000000dab80000,0x00000000db07ddc0,0x00000000db080000)
  to   space 9728K, 0% used [0x00000000df300000,0x00000000df300000,0x00000000dfc80000)
 ParOldGen       total 84992K, used 9187K [0x0000000084800000, 0x0000000089b00000, 0x00000000d6d80000)
  object space 84992K, 10% used [0x0000000084800000,0x00000000850f8cd8,0x0000000089b00000)
 Metaspace       used 8110K, capacity 8240K, committed 8320K, reserved 1056768K
  class space    used 818K, capacity 848K, committed 896K, reserved 1048576K
Event: 2.845 GC heap after
Heap after GC invocations=6 (full 0):
 PSYoungGen      total 135680K, used 9431K [0x00000000d6d80000, 0x00000000dfe80000, 0x0000000100000000)
  eden space 125952K, 0% used [0x00000000d6d80000,0x00000000d6d80000,0x00000000de880000)
  from space 9728K, 96% used [0x00000000df300000,0x00000000dfc35dc0,0x00000000dfc80000)
  to   space 10752K, 0% used [0x00000000de880000,0x00000000de880000,0x00000000df300000)
 ParOldGen       total 84992K, used 9195K [0x0000000084800000, 0x0000000089b00000, 0x00000000d6d80000)
  object space 84992K, 10% used [0x0000000084800000,0x00000000850facd8,0x0000000089b00000)
 Metaspace       used 8110K, capacity 8240K, committed 8320K, reserved 1056768K
  class space    used 818K, capacity 848K, committed 896K, reserved 1048576K
}
Event: 3.373 GC heap before
{Heap before GC invocations=7 (full 0):
 PSYoungGen      total 135680K, used 135383K [0x00000000d6d80000, 0x00000000dfe80000, 0x0000000100000000)
  eden space 125952K, 100% used [0x00000000d6d80000,0x00000000de880000,0x00000000de880000)
  from space 9728K, 96% used [0x00000000df300000,0x00000000dfc35dc0,0x00000000dfc80000)
  to   space 10752K, 0% used [0x00000000de880000,0x00000000de880000,0x00000000df300000)
 ParOldGen       total 84992K, used 9195K [0x0000000084800000, 0x0000000089b00000, 0x00000000d6d80000)
  object space 84992K, 10% used [0x0000000084800000,0x00000000850facd8,0x0000000089b00000)
 Metaspace       used 8110K, capacity 8240K, committed 8320K, reserved 1056768K
  class space    used 818K, capacity 848K, committed 896K, reserved 1048576K
Event: 3.398 GC heap after
Heap after GC invocations=7 (full 0):
 PSYoungGen      total 136704K, used 10752K [0x00000000d6d80000, 0x00000000e8180000, 0x0000000100000000)
  eden space 125952K, 0% used [0x00000000d6d80000,0x00000000d6d80000,0x00000000de880000)
  from space 10752K, 100% used [0x00000000de880000,0x00000000df300000,0x00000000df300000)
  to   space 15360K, 0% used [0x00000000e7280000,0x00000000e7280000,0x00000000e8180000)
 ParOldGen       total 84992K, used 15657K [0x0000000084800000, 0x0000000089b00000, 0x00000000d6d80000)
  object space 84992K, 18% used [0x0000000084800000,0x000000008574a730,0x0000000089b00000)
 Metaspace       used 8110K, capacity 8240K, committed 8320K, reserved 1056768K
  class space    used 818K, capacity 848K, committed 896K, reserved 1048576K
}
Event: 3.950 GC heap before
{Heap before GC invocations=8 (full 0):
 PSYoungGen      total 136704K, used 136704K [0x00000000d6d80000, 0x00000000e8180000, 0x0000000100000000)
  eden space 125952K, 100% used [0x00000000d6d80000,0x00000000de880000,0x00000000de880000)
  from space 10752K, 100% used [0x00000000de880000,0x00000000df300000,0x00000000df300000)
  to   space 15360K, 0% used [0x00000000e7280000,0x00000000e7280000,0x00000000e8180000)
 ParOldGen       total 84992K, used 15657K [0x0000000084800000, 0x0000000089b00000, 0x00000000d6d80000)
  object space 84992K, 18% used [0x0000000084800000,0x000000008574a730,0x0000000089b00000)
 Metaspace       used 8110K, capacity 8240K, committed 8320K, reserved 1056768K
  class space    used 818K, capacity 848K, committed 896K, reserved 1048576K
Event: 3.977 GC heap after
Heap after GC invocations=8 (full 0):
 PSYoungGen      total 263680K, used 15360K [0x00000000d6d80000, 0x00000000e8880000, 0x0000000100000000)
  eden space 248320K, 0% used [0x00000000d6d80000,0x00000000d6d80000,0x00000000e6000000)
  from space 15360K, 100% used [0x00000000e7280000,0x00000000e8180000,0x00000000e8180000)
  to   space 18944K, 0% used [0x00000000e6000000,0x00000000e6000000,0x00000000e7280000)
 ParOldGen       total 84992K, used 19393K [0x0000000084800000, 0x0000000089b00000, 0x00000000d6d80000)
  object space 84992K, 22% used [0x0000000084800000,0x0000000085af0730,0x0000000089b00000)
 Metaspace       used 8110K, capacity 8240K, committed 8320K, reserved 1056768K
  class space    used 818K, capacity 848K, committed 896K, reserved 1048576K
}

